<?xml version="1.0" encoding="UTF-8" ?>
<testsuites disabled="0" errors="0" failures="1" tests="1" time="12.68">
 <testsuite name="workspace-project App" timestamp="2018-06-09T15:01:19" hostname="localhost" time="12.68" errors="0" tests="1" skipped="0" disabled="0" failures="1">
  <testcase classname="workspace-project App" name="should display welcome message" time="12.678">
   <failure type="exception" message="Failed: Angular could not be found on the page http://localhost:4200/. If this is not an Angular application, you may need to turn off waiting for Angular.
                          Please see 
                          https://github.com/angular/protractor/blob/master/docs/timeouts.md#waiting-for-angular-on-page-load"><![CDATA[Error: Angular could not be found on the page http://localhost:4200/. If this is not an Angular application, you may need to turn off waiting for Angular.
                          Please see 
                          https://github.com/angular/protractor/blob/master/docs/timeouts.md#waiting-for-angular-on-page-load
    at executeAsyncScript_.then (C:\Users\mehab\AppData\Roaming\npm\node_modules\protractor\built\browser.js:720:27)
    at ManagedPromise.invokeCallback_ (C:\Users\mehab\AppData\Roaming\npm\node_modules\protractor\node_modules\selenium-webdriver\lib\promise.js:1376:14)
    at TaskQueue.execute_ (C:\Users\mehab\AppData\Roaming\npm\node_modules\protractor\node_modules\selenium-webdriver\lib\promise.js:3084:14)
    at TaskQueue.executeNext_ (C:\Users\mehab\AppData\Roaming\npm\node_modules\protractor\node_modules\selenium-webdriver\lib\promise.js:3067:27)
    at asyncRun (C:\Users\mehab\AppData\Roaming\npm\node_modules\protractor\node_modules\selenium-webdriver\lib\promise.js:2927:27)
    at C:\Users\mehab\AppData\Roaming\npm\node_modules\protractor\node_modules\selenium-webdriver\lib\promise.js:668:7
    at <anonymous>
    at process._tickCallback (internal/process/next_tick.js:188:7)
From: Task: Run it("should display welcome message") in control flow
    at UserContext.<anonymous> (C:\Users\mehab\AppData\Roaming\npm\node_modules\protractor\node_modules\jasminewd2\index.js:94:19)
    at attempt (C:\Users\mehab\AppData\Roaming\npm\node_modules\protractor\node_modules\jasmine-core\lib\jasmine-core\jasmine.js:4297:26)
    at QueueRunner.run (C:\Users\mehab\AppData\Roaming\npm\node_modules\protractor\node_modules\jasmine-core\lib\jasmine-core\jasmine.js:4217:20)
    at runNext (C:\Users\mehab\AppData\Roaming\npm\node_modules\protractor\node_modules\jasmine-core\lib\jasmine-core\jasmine.js:4257:20)
    at C:\Users\mehab\AppData\Roaming\npm\node_modules\protractor\node_modules\jasmine-core\lib\jasmine-core\jasmine.js:4264:13
    at C:\Users\mehab\AppData\Roaming\npm\node_modules\protractor\node_modules\jasmine-core\lib\jasmine-core\jasmine.js:4172:9
    at C:\Users\mehab\AppData\Roaming\npm\node_modules\protractor\node_modules\jasminewd2\index.js:64:48
    at ControlFlow.emit (C:\Users\mehab\AppData\Roaming\npm\node_modules\protractor\node_modules\selenium-webdriver\lib\events.js:62:21)
    at ControlFlow.shutdown_ (C:\Users\mehab\AppData\Roaming\npm\node_modules\protractor\node_modules\selenium-webdriver\lib\promise.js:2674:10)
    at shutdownTask_.MicroTask (C:\Users\mehab\AppData\Roaming\npm\node_modules\protractor\node_modules\selenium-webdriver\lib\promise.js:2599:53)
From asynchronous test: 
Error
    at Suite.<anonymous> (T:\Arif\Tah\Automation\aut\simple-angular-app\e2e\src\app.e2e-spec.ts:11:3)
    at addSpecsToSuite (C:\Users\mehab\AppData\Roaming\npm\node_modules\protractor\node_modules\jasmine-core\lib\jasmine-core\jasmine.js:1107:25)
    at Env.describe (C:\Users\mehab\AppData\Roaming\npm\node_modules\protractor\node_modules\jasmine-core\lib\jasmine-core\jasmine.js:1074:7)
    at describe (C:\Users\mehab\AppData\Roaming\npm\node_modules\protractor\node_modules\jasmine-core\lib\jasmine-core\jasmine.js:4399:18)
    at Object.<anonymous> (T:\Arif\Tah\Automation\aut\simple-angular-app\e2e\src\app.e2e-spec.ts:3:1)
    at Module._compile (module.js:652:30)
    at Module.m._compile (T:\Arif\Tah\Automation\aut\simple-angular-app\node_modules\ts-node\src\index.ts:400:23)
    at Module._extensions..js (module.js:663:10)
    at Object.require.extensions.(anonymous function) [as .ts] (T:\Arif\Tah\Automation\aut\simple-angular-app\node_modules\ts-node\src\index.ts:403:12)]]>
   </failure>
  </testcase>
 </testsuite>
</testsuites>